<?xml version="1.0" encoding="UTF-8"?>
<testsuite name="com.purcotton.middleware.AppTest" time="0.001" tests="1" errors="0" skipped="0" failures="0">
  <properties>
    <property name="java.runtime.name" value="Java(TM) SE Runtime Environment"/>
    <property name="sun.boot.library.path" value="D:\Program_Files\Java\jdk1.7.0_09\jre\bin"/>
    <property name="java.vm.version" value="23.5-b02"/>
    <property name="java.vm.vendor" value="Oracle Corporation"/>
    <property name="java.vendor.url" value="http://java.oracle.com/"/>
    <property name="path.separator" value=";"/>
    <property name="java.vm.name" value="Java HotSpot(TM) Client VM"/>
    <property name="file.encoding.pkg" value="sun.io"/>
    <property name="user.script" value=""/>
    <property name="user.country" value="CN"/>
    <property name="sun.java.launcher" value="SUN_STANDARD"/>
    <property name="sun.os.patch.level" value="Service Pack 1"/>
    <property name="java.vm.specification.name" value="Java Virtual Machine Specification"/>
    <property name="user.dir" value="D:\workspace\smallprogram\SmalllProgram"/>
    <property name="java.runtime.version" value="1.7.0_09-b05"/>
    <property name="java.awt.graphicsenv" value="sun.awt.Win32GraphicsEnvironment"/>
    <property name="java.endorsed.dirs" value="D:\Program_Files\Java\jdk1.7.0_09\jre\lib\endorsed"/>
    <property name="os.arch" value="x86"/>
    <property name="java.io.tmpdir" value="C:\Users\ADMINI~1\AppData\Local\Temp\"/>
    <property name="line.separator" value="&#10;"/>
    <property name="java.vm.specification.vendor" value="Oracle Corporation"/>
    <property name="user.variant" value=""/>
    <property name="os.name" value="Windows 7"/>
    <property name="classworlds.conf" value="D:\workspace\eegoo\.metadata\.plugins\org.maven.ide.eclipse\launches\m2conf1992124149953725543.tmp"/>
    <property name="sun.jnu.encoding" value="GBK"/>
    <property name="java.library.path" value="D:\Program_Files\Java\jdk1.7.0_09\bin;C:\Windows\Sun\Java\bin;C:\Windows\system32;C:\Windows;D:/Program_Files/Java/jre7/bin/client;D:/Program_Files/Java/jre7/bin;c:\gtk\bin;C:\Program Files\WinRAR;C:\Windows\system32;C:\Windows;C:\Windows\System32\Wbem;C:\Windows\System32\WindowsPowerShell\v1.0\;C:\Program Files (x86)\Windows7Master;D:\mongodb\bin;D:\Program_Files\gradle-1.11\bin;d:\Program_Files\SSH Communications Security\SSH Secure Shell;D:\Program_Files\apache-maven-3.2.1\bin;D:\Program_Files\Git\bin;D:\Program_Files\Git\libexec\git-core;D:\Program_Files\h2\bin;D:\Program_Files\Java\jdk1.7.0_09\bin;D:\Program_Files\Subversion\bin;C:\Users\Administrator\Desktop\adt-bundle-windows-x86-20140702\sdk\platform-tools;C:\Users\Administrator\Desktop\adt-bundle-windows-x86-20140702\sdk\tools;D:\Program_Files\Git\cmd;d:\Program_Files\SSH Communications Security\SSH Secure Shell;D:\Program_Files\android_sdk\tools;."/>
    <property name="java.specification.name" value="Java Platform API Specification"/>
    <property name="java.class.version" value="51.0"/>
    <property name="sun.management.compiler" value="HotSpot Client Compiler"/>
    <property name="os.version" value="6.1"/>
    <property name="user.home" value="C:\Users\Administrator"/>
    <property name="user.timezone" value="Asia/Shanghai"/>
    <property name="java.awt.printerjob" value="sun.awt.windows.WPrinterJob"/>
    <property name="file.encoding" value="UTF-8"/>
    <property name="java.specification.version" value="1.7"/>
    <property name="user.name" value="Administrator"/>
    <property name="java.class.path" value="/D:/Program_Files/eclipse3.5/plugins/org.maven.ide.eclipse.maven_embedder_0.10.2.20100623-1649/jars/plexus-classworlds-2.2.2.jar"/>
    <property name="java.vm.specification.version" value="1.7"/>
    <property name="sun.arch.data.model" value="32"/>
    <property name="java.home" value="D:\Program_Files\Java\jdk1.7.0_09\jre"/>
    <property name="sun.java.command" value="org.codehaus.plexus.classworlds.launcher.Launcher -B -s D:\Program_Files\apache-maven-3.2.1\conf\settings.xml install"/>
    <property name="java.specification.vendor" value="Oracle Corporation"/>
    <property name="user.language" value="zh"/>
    <property name="awt.toolkit" value="sun.awt.windows.WToolkit"/>
    <property name="java.vm.info" value="mixed mode, sharing"/>
    <property name="java.version" value="1.7.0_09"/>
    <property name="java.ext.dirs" value="D:\Program_Files\Java\jdk1.7.0_09\jre\lib\ext;C:\Windows\Sun\Java\lib\ext"/>
    <property name="sun.boot.class.path" value="D:\Program_Files\Java\jdk1.7.0_09\jre\lib\resources.jar;D:\Program_Files\Java\jdk1.7.0_09\jre\lib\rt.jar;D:\Program_Files\Java\jdk1.7.0_09\jre\lib\sunrsasign.jar;D:\Program_Files\Java\jdk1.7.0_09\jre\lib\jsse.jar;D:\Program_Files\Java\jdk1.7.0_09\jre\lib\jce.jar;D:\Program_Files\Java\jdk1.7.0_09\jre\lib\charsets.jar;D:\Program_Files\Java\jdk1.7.0_09\jre\lib\jfr.jar;D:\Program_Files\Java\jdk1.7.0_09\jre\classes"/>
    <property name="java.vendor" value="Oracle Corporation"/>
    <property name="maven.home" value="D:\workspace\smallprogram\SmalllProgram\EMBEDDED"/>
    <property name="file.separator" value="\"/>
    <property name="java.vendor.url.bug" value="http://bugreport.sun.com/bugreport/"/>
    <property name="sun.cpu.endian" value="little"/>
    <property name="sun.io.unicode.encoding" value="UnicodeLittle"/>
    <property name="sun.desktop" value="windows"/>
    <property name="sun.cpu.isalist" value="pentium_pro+mmx pentium_pro pentium+mmx pentium i486 i386 i86"/>
  </properties>
  <testcase name="testApp" classname="com.purcotton.middleware.AppTest" time="0.001"/>
</testsuite>